<?xml version="1.0" encoding="UTF-8"?>
<testExecutions version="1">
  <file path="/Users/panagiotisvourtsis/Documents/orfium/toolbox/src/authentication/context.test.tsx">
    <testCase name="Context global methods that used on both context and outside onRedirectCallback changes the url based on AppState passed" duration="0"/>
    <testCase name="Context global methods that used on both context and outside onRedirectCallback changes url without AppState targetUrl" duration="0"/>
    <testCase name="Context global methods that used on both context and outside handleRedirectCallback being called if code exists on url" duration="0"/>
    <testCase name="Context global methods that used on both context and outside handleRedirectCallback that triggers invalid state error" duration="0"/>
    <testCase name="Context global methods that used on both context and outside handleRedirectCallback that triggers error" duration="0"/>
    <testCase name="Context global methods that used on both context and outside logoutAuth clears out data" duration="0"/>
    <testCase name="Context getTokenSilently without cached results" duration="0"/>
    <testCase name="Context getTokenSilently with cached results" duration="0"/>
    <testCase name="Context getTokenSilently that throws error and handles it outside exclusion of login_required" duration="0"/>
    <testCase name="Context AuthenticationProvider contents" duration="0"/>
    <testCase name="Context AuthenticationProvider calls loginWithRedirect success/error loginWithRedirect when access token fails" duration="0"/>
    <testCase name="Context AuthenticationProvider calls loginWithRedirect success/error loginWithRedirect when access token fails and handle an error" duration="0"/>
    <testCase name="Context invitation redirect" duration="0"/>
    <testCase name="Context if error exists on the url with access_denied" duration="61"/>
    <testCase name="Context Context default functions" duration="0"/>
    <testCase name="Context getAuth0Client failed process" duration="0"/>
    <testCase name="Context logoutAuth failed process" duration="0"/>
  </file>
</testExecutions>